time="2023-01-11T16:44:24+05:00" level=info msg="logger initialized" func="main.go:14" file="main.main()"
time="2023-01-11T16:44:24+05:00" level=info msg="config initializing" func="main.go:16" file="main.main()"
time="2023-01-11T16:45:14+05:00" level=info msg="logger initialized" func="main.go:14" file="main.main()"
time="2023-01-11T16:45:14+05:00" level=info msg="config initializing" func="main.go:16" file="main.main()"
time="2023-01-11T16:46:09+05:00" level=info msg="logger initialized" func="main.go:14" file="main.main()"
time="2023-01-11T16:46:09+05:00" level=info msg="config initializing" func="main.go:16" file="main.main()"
time="2023-01-11T16:46:32+05:00" level=info msg="Create File" func="file.go:28" file="github.com/SaidovZohid/minio-medias/api/v1.(*handlerV1).CreateFile()"
time="2023-01-11T16:46:32+05:00" level=error msg="no bucket 984db4a8-91a5-11ed-a74a-14cb19858780, creating one...\n" func="client.go:72" file="github.com/SaidovZohid/minio-medias/pkg/minio.(*Client).UploadFile()"
time="2023-01-11T16:46:33+05:00" level=debug msg="put new object 103_kafka_logo.png to bucket 984db4a8-91a5-11ed-a74a-14cb19858780\n" func="client.go:79" file="github.com/SaidovZohid/minio-medias/pkg/minio.(*Client).UploadFile()"
time="2023-01-11T16:50:09+05:00" level=info msg="logger initialized" func="main.go:14" file="main.main()"
time="2023-01-11T16:50:09+05:00" level=info msg="config initializing" func="main.go:16" file="main.main()"
time="2023-01-11T16:50:22+05:00" level=info msg="Create File" func="file.go:28" file="github.com/SaidovZohid/minio-medias/api/v1.(*handlerV1).CreateFile()"
time="2023-01-11T16:50:22+05:00" level=error msg="no bucket 2116aa36-91a6-11ed-869a-14cb19858780, creating one...\n" func="client.go:72" file="github.com/SaidovZohid/minio-medias/pkg/minio.(*Client).UploadFile()"
time="2023-01-11T16:50:22+05:00" level=debug msg="put new object 103_kafka_logo.png to bucket 2116aa36-91a6-11ed-869a-14cb19858780\n" func="client.go:79" file="github.com/SaidovZohid/minio-medias/pkg/minio.(*Client).UploadFile()"
time="2023-01-11T16:57:35+05:00" level=info msg="logger initialized" func="main.go:14" file="main.main()"
time="2023-01-11T16:57:35+05:00" level=info msg="config initializing" func="main.go:16" file="main.main()"
time="2023-01-11T16:57:49+05:00" level=info msg="Create File" func="file.go:28" file="github.com/SaidovZohid/minio-medias/api/v1.(*handlerV1).CreateFile()"
time="2023-01-11T16:57:49+05:00" level=error msg="no bucket 2b5c28e4-91a7-11ed-b112-14cb19858780, creating one...\n" func="client.go:72" file="github.com/SaidovZohid/minio-medias/pkg/minio.(*Client).UploadFile()"
time="2023-01-11T16:57:49+05:00" level=debug msg="put new object 103_kafka_logo.png to bucket 2b5c28e4-91a7-11ed-b112-14cb19858780\n" func="client.go:79" file="github.com/SaidovZohid/minio-medias/pkg/minio.(*Client).UploadFile()"
time="2023-01-11T22:50:11+05:00" level=info msg="logger initialized" func="main.go:14" file="main.main()"
time="2023-01-11T22:50:11+05:00" level=info msg="config initializing" func="main.go:16" file="main.main()"
time="2023-01-11T22:50:46+05:00" level=info msg="logger initialized" func="main.go:14" file="main.main()"
time="2023-01-11T22:50:46+05:00" level=info msg="config initializing" func="main.go:16" file="main.main()"
time="2023-01-11T22:51:37+05:00" level=info msg="Create File" func="file.go:50" file="github.com/SaidovZohid/minio-medias/api/v1.(*handlerV1).CreateFile()"
time="2023-01-11T22:51:37+05:00" level=error msg="no bucket 98b87c92-91d8-11ed-898d-14cb19858780, creating one...\n" func="client.go:72" file="github.com/SaidovZohid/minio-medias/pkg/minio.(*Client).UploadFile()"
time="2023-01-11T22:51:37+05:00" level=debug msg="put new object Screenshot from 2023-01-11 19-09-47.png to bucket 98b87c92-91d8-11ed-898d-14cb19858780\n" func="client.go:79" file="github.com/SaidovZohid/minio-medias/pkg/minio.(*Client).UploadFile()"
time="2023-01-11T22:52:51+05:00" level=info msg="logger initialized" func="main.go:14" file="main.main()"
time="2023-01-11T22:52:51+05:00" level=info msg="config initializing" func="main.go:16" file="main.main()"
time="2023-01-11T22:56:37+05:00" level=info msg="logger initialized" func="main.go:14" file="main.main()"
time="2023-01-11T22:56:37+05:00" level=info msg="config initializing" func="main.go:16" file="main.main()"
time="2023-01-11T22:58:56+05:00" level=info msg="Get File" func="file.go:20" file="github.com/SaidovZohid/minio-medias/api/v1.(*handlerV1).GetFile()"
time="2023-01-11T22:58:56+05:00" level=debug msg="get note_uuid from url" func="file.go:22" file="github.com/SaidovZohid/minio-medias/api/v1.(*handlerV1).GetFile()"
time="2023-01-11T22:59:34+05:00" level=info msg="Get File" func="file.go:20" file="github.com/SaidovZohid/minio-medias/api/v1.(*handlerV1).GetFile()"
time="2023-01-11T22:59:34+05:00" level=debug msg="get note_uuid from url" func="file.go:22" file="github.com/SaidovZohid/minio-medias/api/v1.(*handlerV1).GetFile()"
